# JRE version: OpenJDK Runtime Environment Corretto-11.0.19.7.1 (11.0.19+7) (build 11.0.19+7-LTS)
# Java VM: OpenJDK 64-Bit Server VM Corretto-11.0.19.7.1 (11.0.19+7-LTS, mixed mode, tiered, compressed oops, g1 gc, windows-amd64)
Heap:
 garbage-first heap   total 315392K, used 241664K [0x0000000701200000, 0x0000000800000000)
  region size 1024K, 88 young (90112K), 7 survivors (7168K)
 Metaspace       used 98025K, capacity 99417K, committed 99456K, reserved 1138688K
  class space    used 9868K, capacity 10340K, committed 10368K, reserved 1048576K
GC Heap History (20 events):
Event: 12.073 GC heap before
{Heap before GC invocations=10 (full 0):
 garbage-first heap   total 315392K, used 137867K [0x0000000701200000, 0x0000000800000000)
  region size 1024K, 96 young (98304K), 12 survivors (12288K)
 Metaspace       used 61286K, capacity 62082K, committed 62336K, reserved 1103872K
  class space    used 6892K, capacity 7214K, committed 7296K, reserved 1048576K
}
Event: 12.096 GC heap after
{Heap after GC invocations=11 (full 0):
 garbage-first heap   total 315392K, used 65903K [0x0000000701200000, 0x0000000800000000)
  region size 1024K, 12 young (12288K), 12 survivors (12288K)
 Metaspace       used 61286K, capacity 62082K, committed 62336K, reserved 1103872K
  class space    used 6892K, capacity 7214K, committed 7296K, reserved 1048576K
}
Event: 19.079 GC heap before
{Heap before GC invocations=11 (full 0):
 garbage-first heap   total 315392K, used 217455K [0x0000000701200000, 0x0000000800000000)
  region size 1024K, 158 young (161792K), 12 survivors (12288K)
 Metaspace       used 69997K, capacity 71196K, committed 71296K, reserved 1112064K
  class space    used 7601K, capacity 8059K, committed 8064K, reserved 1048576K
}
Event: 19.102 GC heap after
{Heap after GC invocations=12 (full 0):
 garbage-first heap   total 315392K, used 82432K [0x0000000701200000, 0x0000000800000000)
  region size 1024K, 14 young (14336K), 14 survivors (14336K)
 Metaspace       used 69997K, capacity 71196K, committed 71296K, reserved 1112064K
  class space    used 7601K, capacity 8059K, committed 8064K, reserved 1048576K
}
Event: 26.022 GC heap before
{Heap before GC invocations=12 (full 0):
 garbage-first heap   total 315392K, used 226816K [0x0000000701200000, 0x0000000800000000)
  region size 1024K, 155 young (158720K), 14 survivors (14336K)
 Metaspace       used 71793K, capacity 73041K, committed 73216K, reserved 1114112K
  class space    used 7721K, capacity 8173K, committed 8192K, reserved 1048576K
}
Event: 26.046 GC heap after
{Heap after GC invocations=13 (full 0):
 garbage-first heap   total 315392K, used 95232K [0x0000000701200000, 0x0000000800000000)
  region size 1024K, 13 young (13312K), 13 survivors (13312K)
 Metaspace       used 71793K, capacity 73041K, committed 73216K, reserved 1114112K
  class space    used 7721K, capacity 8173K, committed 8192K, reserved 1048576K
}
Event: 32.876 GC heap before
{Heap before GC invocations=13 (full 0):
 garbage-first heap   total 315392K, used 236544K [0x0000000701200000, 0x0000000800000000)
  region size 1024K, 150 young (153600K), 13 survivors (13312K)
 Metaspace       used 72995K, capacity 74262K, committed 74624K, reserved 1116160K
  class space    used 7761K, capacity 8211K, committed 8320K, reserved 1048576K
}
Event: 32.898 GC heap after
{Heap after GC invocations=14 (full 0):
 garbage-first heap   total 315392K, used 107520K [0x0000000701200000, 0x0000000800000000)
  region size 1024K, 13 young (13312K), 13 survivors (13312K)
 Metaspace       used 72995K, capacity 74262K, committed 74624K, reserved 1116160K
  class space    used 7761K, capacity 8211K, committed 8320K, reserved 1048576K
}
Event: 37.147 GC heap before
{Heap before GC invocations=14 (full 0):
 garbage-first heap   total 315392K, used 242688K [0x0000000701200000, 0x0000000800000000)
  region size 1024K, 145 young (148480K), 13 survivors (13312K)
 Metaspace       used 74079K, capacity 75307K, committed 75520K, reserved 1116160K
  class space    used 7891K, capacity 8345K, committed 8448K, reserved 1048576K
}
Event: 37.176 GC heap after
{Heap after GC invocations=15 (full 0):
 garbage-first heap   total 315392K, used 117248K [0x0000000701200000, 0x0000000800000000)
  region size 1024K, 10 young (10240K), 10 survivors (10240K)
 Metaspace       used 74079K, capacity 75307K, committed 75520K, reserved 1116160K
  class space    used 7891K, capacity 8345K, committed 8448K, reserved 1048576K
}
Event: 41.555 GC heap before
{Heap before GC invocations=15 (full 0):
 garbage-first heap   total 315392K, used 248320K [0x0000000701200000, 0x0000000800000000)
  region size 1024K, 138 young (141312K), 10 survivors (10240K)
 Metaspace       used 74620K, capacity 75892K, committed 76032K, reserved 1116160K
  class space    used 7908K, capacity 8382K, committed 8448K, reserved 1048576K
}
Event: 41.578 GC heap after
{Heap after GC invocations=16 (full 0):
 garbage-first heap   total 315392K, used 125911K [0x0000000701200000, 0x0000000800000000)
  region size 1024K, 18 young (18432K), 18 survivors (18432K)
 Metaspace       used 74620K, capacity 75892K, committed 76032K, reserved 1116160K
  class space    used 7908K, capacity 8382K, committed 8448K, reserved 1048576K
}
Event: 43.276 GC heap before
{Heap before GC invocations=16 (full 0):
 garbage-first heap   total 315392K, used 252887K [0x0000000701200000, 0x0000000800000000)
  region size 1024K, 142 young (145408K), 18 survivors (18432K)
 Metaspace       used 75288K, capacity 76570K, committed 76800K, reserved 1118208K
  class space    used 7946K, capacity 8416K, committed 8448K, reserved 1048576K
}
Event: 43.300 GC heap after
{Heap after GC invocations=17 (full 0):
 garbage-first heap   total 315392K, used 129784K [0x0000000701200000, 0x0000000800000000)
  region size 1024K, 13 young (13312K), 13 survivors (13312K)
 Metaspace       used 75288K, capacity 76570K, committed 76800K, reserved 1118208K
  class space    used 7946K, capacity 8416K, committed 8448K, reserved 1048576K
}
Event: 47.220 GC heap before
{Heap before GC invocations=17 (full 0):
 garbage-first heap   total 315392K, used 256760K [0x0000000701200000, 0x0000000800000000)
  region size 1024K, 137 young (140288K), 13 survivors (13312K)
 Metaspace       used 82003K, capacity 83303K, committed 83584K, reserved 1124352K
  class space    used 8512K, capacity 8981K, committed 9088K, reserved 1048576K
}
Event: 47.247 GC heap after
{Heap after GC invocations=18 (full 0):
 garbage-first heap   total 315392K, used 144750K [0x0000000701200000, 0x0000000800000000)
  region size 1024K, 18 young (18432K), 18 survivors (18432K)
 Metaspace       used 82003K, capacity 83303K, committed 83584K, reserved 1124352K
  class space    used 8512K, capacity 8981K, committed 9088K, reserved 1048576K
}
Event: 49.449 GC heap before
{Heap before GC invocations=18 (full 0):
 garbage-first heap   total 315392K, used 253294K [0x0000000701200000, 0x0000000800000000)
  region size 1024K, 124 young (126976K), 18 survivors (18432K)
 Metaspace       used 92258K, capacity 93599K, committed 93696K, reserved 1132544K
  class space    used 9483K, capacity 9980K, committed 9984K, reserved 1048576K
}
Event: 49.475 GC heap after
{Heap after GC invocations=19 (full 0):
 garbage-first heap   total 315392K, used 156584K [0x0000000701200000, 0x0000000800000000)
  region size 1024K, 12 young (12288K), 12 survivors (12288K)
 Metaspace       used 92258K, capacity 93599K, committed 93696K, reserved 1132544K
  class space    used 9483K, capacity 9980K, committed 9984K, reserved 1048576K
}
Event: 50.509 GC heap before
{Heap before GC invocations=19 (full 0):
 garbage-first heap   total 315392K, used 255912K [0x0000000701200000, 0x0000000800000000)
  region size 1024K, 109 young (111616K), 12 survivors (12288K)
 Metaspace       used 92851K, capacity 94179K, committed 94208K, reserved 1134592K
  class space    used 9491K, capacity 9981K, committed 9984K, reserved 1048576K
}
Event: 50.526 GC heap after
{Heap after GC invocations=20 (full 0):
 garbage-first heap   total 315392K, used 161792K [0x0000000701200000, 0x0000000800000000)
  region size 1024K, 7 young (7168K), 7 survivors (7168K)
 Metaspace       used 92851K, capacity 94179K, committed 94208K, reserved 1134592K
  class space    used 9491K, capacity 9981K, committed 9984K, reserved 1048576K
}

